[0.006s] Invoking command in '/home/ht/ht_ws/build/nav2_msgs': AMENT_PREFIX_PATH=/home/ht/ht_ws/install/nav2_common:${AMENT_PREFIX_PATH} CMAKE_PREFIX_PATH=/home/ht/ht_ws/install/nav2_common:/opt/ros/humble PYTHONPATH=/home/ht/ht_ws/install/nav2_common/local/lib/python3.10/dist-packages:${PYTHONPATH} /usr/bin/cmake /home/ht/ht_ws/src/navigation2/nav2_msgs -DCMAKE_INSTALL_PREFIX=/home/ht/ht_ws/install/nav2_msgs
[0.046s] -- The C compiler identification is GNU 11.4.0
[0.085s] -- The CXX compiler identification is GNU 11.4.0
[0.091s] -- Detecting C compiler ABI info
[0.134s] -- Detecting C compiler ABI info - done
[0.138s] -- Check for working C compiler: /usr/bin/cc - skipped
[0.138s] -- Detecting C compile features
[0.138s] -- Detecting C compile features - done
[0.140s] -- Detecting CXX compiler ABI info
[0.192s] -- Detecting CXX compiler ABI info - done
[0.197s] -- Check for working CXX compiler: /usr/bin/c++ - skipped
[0.197s] -- Detecting CXX compile features
[0.197s] -- Detecting CXX compile features - done
[0.199s] -- Found ament_cmake: 1.3.12 (/opt/ros/humble/share/ament_cmake/cmake)
[0.291s] -- Found Python3: /usr/bin/python3 (found version "3.10.12") found components: Interpreter 
[0.381s] -- Found nav2_common: 1.1.20 (/home/ht/ht_ws/install/nav2_common/share/nav2_common/cmake)
[0.382s] -- Found builtin_interfaces: 1.2.2 (/opt/ros/humble/share/builtin_interfaces/cmake)
[0.404s] -- Found rosidl_generator_c: 3.1.8 (/opt/ros/humble/share/rosidl_generator_c/cmake)
[0.408s] -- Found rosidl_adapter: 3.1.8 (/opt/ros/humble/share/rosidl_adapter/cmake)
[0.413s] -- Found rosidl_generator_cpp: 3.1.8 (/opt/ros/humble/share/rosidl_generator_cpp/cmake)
[0.420s] -- Using all available rosidl_typesupport_c: rosidl_typesupport_fastrtps_c;rosidl_typesupport_introspection_c
[0.430s] -- Using all available rosidl_typesupport_cpp: rosidl_typesupport_fastrtps_cpp;rosidl_typesupport_introspection_cpp
[0.439s] -- Found nav_msgs: 4.9.0 (/opt/ros/humble/share/nav_msgs/cmake)
[0.467s] -- Found rosidl_default_generators: 1.2.0 (/opt/ros/humble/share/rosidl_default_generators/cmake)
[0.472s] -- Found action_msgs: 1.2.2 (/opt/ros/humble/share/action_msgs/cmake)
[0.486s] -- Setting build type to Release as none was specified.
[0.887s] -- Found ament_cmake_ros: 0.10.0 (/opt/ros/humble/share/ament_cmake_ros/cmake)
[1.396s] -- Using all available rosidl_typesupport_c: rosidl_typesupport_fastrtps_c;rosidl_typesupport_introspection_c
[1.645s] -- Using all available rosidl_typesupport_cpp: rosidl_typesupport_fastrtps_cpp;rosidl_typesupport_introspection_cpp
[1.708s] -- Found PythonInterp: /usr/bin/python3 (found suitable version "3.10.12", minimum required is "3.6") 
[1.708s] -- Found python_cmake_module: 0.10.0 (/opt/ros/humble/share/python_cmake_module/cmake)
[1.778s] -- Found PythonLibs: /usr/lib/x86_64-linux-gnu/libpython3.10.so (found suitable version "3.10.12", minimum required is "3.5") 
[1.778s] -- Using PYTHON_EXECUTABLE: /usr/bin/python3
[1.778s] -- Using PYTHON_INCLUDE_DIRS: /usr/include/python3.10
[1.778s] -- Using PYTHON_LIBRARIES: /usr/lib/x86_64-linux-gnu/libpython3.10.so
[1.837s] -- Found PythonExtra: .so  
[2.019s] -- Configuring done
[2.160s] -- Generating done
[2.201s] -- Build files have been written to: /home/ht/ht_ws/build/nav2_msgs
[2.237s] Invoked command in '/home/ht/ht_ws/build/nav2_msgs' returned '0': AMENT_PREFIX_PATH=/home/ht/ht_ws/install/nav2_common:${AMENT_PREFIX_PATH} CMAKE_PREFIX_PATH=/home/ht/ht_ws/install/nav2_common:/opt/ros/humble PYTHONPATH=/home/ht/ht_ws/install/nav2_common/local/lib/python3.10/dist-packages:${PYTHONPATH} /usr/bin/cmake /home/ht/ht_ws/src/navigation2/nav2_msgs -DCMAKE_INSTALL_PREFIX=/home/ht/ht_ws/install/nav2_msgs
[2.238s] Invoking command in '/home/ht/ht_ws/build/nav2_msgs': AMENT_PREFIX_PATH=/home/ht/ht_ws/install/nav2_common:${AMENT_PREFIX_PATH} CMAKE_PREFIX_PATH=/home/ht/ht_ws/install/nav2_common:/opt/ros/humble PYTHONPATH=/home/ht/ht_ws/install/nav2_common/local/lib/python3.10/dist-packages:${PYTHONPATH} /usr/bin/cmake --build /home/ht/ht_ws/build/nav2_msgs -- -j16 -l16
[2.304s] [  0%] [34m[1mGenerating C code for ROS interfaces[0m
[2.320s] [  0%] [34m[1mGenerating C++ code for ROS interfaces[0m
[2.325s] [  0%] Built target ament_cmake_python_copy_nav2_msgs
[2.527s] running egg_info
[2.527s] creating nav2_msgs.egg-info
[2.527s] writing nav2_msgs.egg-info/PKG-INFO
[2.528s] writing dependency_links to nav2_msgs.egg-info/dependency_links.txt
[2.528s] writing top-level names to nav2_msgs.egg-info/top_level.txt
[2.528s] writing manifest file 'nav2_msgs.egg-info/SOURCES.txt'
[2.529s] reading manifest file 'nav2_msgs.egg-info/SOURCES.txt'
[2.529s] writing manifest file 'nav2_msgs.egg-info/SOURCES.txt'
[2.548s] [  0%] Built target ament_cmake_python_build_nav2_msgs_egg
[4.953s] Traceback (most recent call last):
[4.953s]   File "/opt/ros/humble/share/rosidl_generator_c/cmake/../../../lib/rosidl_generator_c/rosidl_generator_c", line 38, in <module>
[4.953s] Traceback (most recent call last):
[4.953s]   File "/opt/ros/humble/share/rosidl_generator_cpp/cmake/../../../lib/rosidl_generator_cpp/rosidl_generator_cpp", line 38, in <module>
[4.954s]     sys.exit(main())
[4.954s]   File "/opt/ros/humble/share/rosidl_generator_c/cmake/../../../lib/rosidl_generator_c/rosidl_generator_c", line 34, in main
[4.954s] gmake[2]: *** Ê≠£Âú®Âà†Èô§Êñá‰ª∂‚Äúrosidl_generator_cpp/nav2_msgs/msg/collision_monitor_state.hpp‚Äù
[4.954s] gmake[2]: *** Ê≠£Âú®Âà†Èô§Êñá‰ª∂‚Äúrosidl_generator_c/nav2_msgs/msg/collision_monitor_state.h‚Äù
[4.954s]     generate_c(args.generator_arguments_file)
[4.954s]     sys.exit(main())
[4.954s]   File "/opt/ros/humble/share/rosidl_generator_cpp/cmake/../../../lib/rosidl_generator_cpp/rosidl_generator_cpp", line 34, in main
[4.954s]   File "/opt/ros/humble/local/lib/python3.10/dist-packages/rosidl_generator_c/__init__.py", line 37, in generate_c
[4.955s]     generate_cpp(args.generator_arguments_file)
[4.955s]   File "/opt/ros/humble/local/lib/python3.10/dist-packages/rosidl_generator_cpp/__init__.py", line 39, in generate_cpp
[4.955s]     return generate_files(
[4.955s]   File "/opt/ros/humble/local/lib/python3.10/dist-packages/rosidl_cmake/__init__.py", line 87, in generate_files
[4.955s]     return generate_files(
[4.955s]   File "/opt/ros/humble/local/lib/python3.10/dist-packages/rosidl_cmake/__init__.py", line 87, in generate_files
[4.955s]     expand_template(
[4.955s]   File "/opt/ros/humble/local/lib/python3.10/dist-packages/rosidl_cmake/__init__.py", line 149, in expand_template
[4.955s]     expand_template(
[4.955s]   File "/opt/ros/humble/local/lib/python3.10/dist-packages/rosidl_cmake/__init__.py", line 149, in expand_template
[4.955s]     interpreter.string(template_content, template_path, locals=data)
[4.955s]   File "/usr/lib/python3/dist-packages/em.py", line 2391, in string
[4.956s]     interpreter.string(template_content, template_path, locals=data)
[4.956s]   File "/usr/lib/python3/dist-packages/em.py", line 2391, in string
[4.959s]     self.safe(scanner, True, locals)
[4.959s]     self.safe(scanner, True, locals)
[4.959s]   File "/usr/lib/python3/dist-packages/em.py", line 2401, in safe
[4.959s]   File "/usr/lib/python3/dist-packages/em.py", line 2401, in safe
[4.959s]     self.parse(scanner, locals)
[4.959s]   File "/usr/lib/python3/dist-packages/em.py", line 2421, in parse
[4.959s]     self.parse(scanner, locals)
[4.960s]   File "/usr/lib/python3/dist-packages/em.py", line 2421, in parse
[4.960s]     token.run(self, locals)
[4.960s]   File "/usr/lib/python3/dist-packages/em.py", line 1547, in run
[4.960s]     self.subrun(info[0][1], interpreter, locals)
[4.960s]   File "/usr/lib/python3/dist-packages/em.py", line 1631, in subrun
[4.960s]     token.run(self, locals)
[4.960s]   File "/usr/lib/python3/dist-packages/em.py", line 1547, in run
[4.960s]     token.run(interpreter, locals)
[4.960s]   File "/usr/lib/python3/dist-packages/em.py", line 1425, in run
[4.960s]     interpreter.execute(self.code, locals)
[4.960s]   File "/usr/lib/python3/dist-packages/em.py", line 2596, in execute
[4.960s]     self.subrun(info[0][1], interpreter, locals)
[4.960s]   File "/usr/lib/python3/dist-packages/em.py", line 1631, in subrun
[4.961s]     _exec(statements, self.globals, locals)
[4.961s]   File "<string>", line 2, in <module>
[4.961s]   File "/opt/ros/humble/local/lib/python3.10/dist-packages/rosidl_cmake/__init__.py", line 198, in _expand_template
[4.961s]     interpreter.string(content, str(template_path), kwargs)
[4.961s]   File "/usr/lib/python3/dist-packages/em.py", line 2391, in string
[4.961s]     token.run(interpreter, locals)
[4.961s]   File "/usr/lib/python3/dist-packages/em.py", line 1425, in run
[4.962s]     self.safe(scanner, True, locals)
[4.962s]   File "/usr/lib/python3/dist-packages/em.py", line 2401, in safe
[4.962s]     interpreter.execute(self.code, locals)
[4.962s]   File "/usr/lib/python3/dist-packages/em.py", line 2596, in execute
[4.962s]     self.parse(scanner, locals)
[4.962s]   File "/usr/lib/python3/dist-packages/em.py", line 2421, in parse
[4.962s]     token.run(self, locals)
[4.962s]   File "/usr/lib/python3/dist-packages/em.py", line 1425, in run
[4.962s]     _exec(statements, self.globals, locals)
[4.963s]   File "<string>", line 2, in <module>
[4.963s]     interpreter.execute(self.code, locals)
[4.963s]   File "/usr/lib/python3/dist-packages/em.py", line 2596, in execute
[4.963s]   File "/opt/ros/humble/local/lib/python3.10/dist-packages/rosidl_cmake/__init__.py", line 198, in _expand_template
[4.963s]     interpreter.string(content, str(template_path), kwargs)
[4.963s] KeyboardInterrupt
[4.963s]     _exec(statements, self.globals, locals)
[4.963s]   File "<string>", line 2, in <module>
[4.963s]   File "/opt/ros/humble/local/lib/python3.10/dist-packages/rosidl_cmake/__init__.py", line 198, in _expand_template
[4.963s]     interpreter.string(content, str(template_path), kwargs)
[4.963s]   File "/usr/lib/python3/dist-packages/em.py", line 2391, in string
[4.963s]     self.safe(scanner, True, locals)
[4.963s]   File "/usr/lib/python3/dist-packages/em.py", line 2401, in safe
[4.963s]     self.parse(scanner, locals)
[4.963s]   File "/usr/lib/python3/dist-packages/em.py", line 2421, in parse
[4.963s]     token.run(self, locals)
[4.963s]   File "/usr/lib/python3/dist-packages/em.py", line 1547, in run
[4.964s]     self.subrun(info[0][1], interpreter, locals)
[4.964s]   File "/usr/lib/python3/dist-packages/em.py", line 1631, in subrun
[4.964s]     token.run(interpreter, locals)
[4.964s]   File "/usr/lib/python3/dist-packages/em.py", line 1333, in run
[4.964s]     result = interpreter.evaluate(self.testCode, locals)
[4.964s]   File "/usr/lib/python3/dist-packages/em.py", line 2573, in evaluate
[4.964s]     result = eval(expression, self.globals, locals)
[4.964s]   File "<string>", line 1, in <module>
[4.964s] KeyboardInterrupt
[4.980s] Exception ignored in: <function Interpreter.__del__ at 0x75d5e6defeb0>
[4.980s] Traceback (most recent call last):
[4.980s]   File "/usr/lib/python3/dist-packages/em.py", line 2094, in __del__
[4.980s]   File "/usr/lib/python3/dist-packages/em.py", line 2157, in shutdown
[4.980s]   File "/usr/lib/python3/dist-packages/em.py", line 2647, in finalize
[4.980s]   File "/usr/lib/python3/dist-packages/em.py", line 2200, in push
[4.981s] AttributeError: '_io.TextIOWrapper' object has no attribute 'push'
[4.982s] Exception ignored in: <function Interpreter.__del__ at 0x7ae7f332fc70>
[4.982s] Traceback (most recent call last):
[4.982s]   File "/usr/lib/python3/dist-packages/em.py", line 2094, in __del__
[4.982s]   File "/usr/lib/python3/dist-packages/em.py", line 2157, in shutdown
[4.982s]   File "/usr/lib/python3/dist-packages/em.py", line 2647, in finalize
[4.982s]   File "/usr/lib/python3/dist-packages/em.py", line 2200, in push
[4.982s] AttributeError: '_io.TextIOWrapper' object has no attribute 'push'
[4.987s] gmake[2]: *** [CMakeFiles/nav2_msgs__cpp.dir/build.make:406: rosidl_generator_cpp/nav2_msgs/msg/collision_monitor_state.hpp] ‰∏≠Êñ≠
[4.987s] gmake[1]: *** [CMakeFiles/Makefile2:265: CMakeFiles/nav2_msgs__cpp.dir/all] ‰∏≠Êñ≠
[4.990s] gmake[2]: *** [CMakeFiles/nav2_msgs__rosidl_generator_c.dir/build.make:205: rosidl_generator_c/nav2_msgs/msg/collision_monitor_state.h] ‰∏≠Êñ≠
[4.990s] gmake[1]: *** [CMakeFiles/Makefile2:212: CMakeFiles/nav2_msgs__rosidl_generator_c.dir/all] ‰∏≠Êñ≠
[4.990s] gmake: *** [Makefile:146: all] ‰∏≠Êñ≠
