[35m[1mConsolidate compiler generated dependencies of target imu_proc[0m
[35m[1mConsolidate compiler generated dependencies of target pre[0m
[ 12%] Built target utils
[ 25%] Built target laser_mapping
[ 31%] [32mBuilding CXX object CMakeFiles/imu_proc.dir/src/IMU_Processing.cpp.o[0m
[ 56%] Built target vio
[ 68%] Built target lio
[ 75%] [32mBuilding CXX object CMakeFiles/pre.dir/src/preprocess.cpp.o[0m
[01m[K/home/bxi_nx/ht_ws/src/FAST-LIVO2/src/preprocess.cpp:[m[K In member function â€˜[01m[Kvoid Preprocess::avia_handler(const SharedPtr&, pcl::PointCloud<pcl::PointXYZINormal>::Ptr&)[m[Kâ€™:
[01m[K/home/bxi_nx/ht_ws/src/FAST-LIVO2/src/preprocess.cpp:199:4:[m[K [01;31m[Kerror: [m[Kâ€˜[01m[Kcloud_out_[m[Kâ€™ was not declared in this scope
  199 |    [01;31m[Kcloud_out_[m[K.clear();
      |    [01;31m[K^~~~~~~~~~[m[K
[01m[K/home/bxi_nx/ht_ws/src/FAST-LIVO2/src/preprocess.cpp:205:36:[m[K [01;31m[Kerror: [m[Kâ€˜[01m[Knum_scans_[m[Kâ€™ was not declared in this scope
  205 |         if ((msg->points[i].line < [01;31m[Knum_scans_[m[K) &&
      |                                    [01;31m[K^~~~~~~~~~[m[K
[01m[K/home/bxi_nx/ht_ws/src/FAST-LIVO2/src/preprocess.cpp:209:29:[m[K [01;31m[Kerror: [m[Kâ€˜[01m[Kblind_near_sqr[m[Kâ€™ was not declared in this scope; did you mean â€˜[01m[Kblind_sqr[m[Kâ€™?
  209 |                 if ((dist > [01;31m[Kblind_near_sqr[m[K) && (dist < blind_sqr)) {
      |                             [01;31m[K^~~~~~~~~~~~~~[m[K
      |                             [32m[Kblind_sqr[m[K
gmake[2]: *** [CMakeFiles/pre.dir/build.make:76: CMakeFiles/pre.dir/src/preprocess.cpp.o] Error 1
gmake[1]: *** [CMakeFiles/Makefile2:201: CMakeFiles/pre.dir/all] Error 2
gmake[1]: *** Waiting for unfinished jobs....
[ 81%] [32m[1mLinking CXX static library libimu_proc.a[0m
[ 81%] Built target imu_proc
gmake: *** [Makefile:146: all] Error 2
