[0.006s] Invoking command in '/home/ht/ht_ws/build/dwb_msgs': AMENT_PREFIX_PATH=/home/ht/ht_ws/install/nav_2d_msgs:${AMENT_PREFIX_PATH} CMAKE_PREFIX_PATH=/home/ht/ht_ws/install/nav_2d_msgs:/opt/ros/humble LD_LIBRARY_PATH=/home/ht/ht_ws/install/nav_2d_msgs/lib:${LD_LIBRARY_PATH} PYTHONPATH=/home/ht/ht_ws/install/nav_2d_msgs/local/lib/python3.10/dist-packages:${PYTHONPATH} /usr/bin/cmake /home/ht/ht_ws/src/navigation2/nav2_dwb_controller/dwb_msgs -DCMAKE_INSTALL_PREFIX=/home/ht/ht_ws/install/dwb_msgs
[0.040s] -- The C compiler identification is GNU 11.4.0
[0.087s] -- The CXX compiler identification is GNU 11.4.0
[0.092s] -- Detecting C compiler ABI info
[0.143s] -- Detecting C compiler ABI info - done
[0.150s] -- Check for working C compiler: /usr/bin/cc - skipped
[0.150s] -- Detecting C compile features
[0.150s] -- Detecting C compile features - done
[0.152s] -- Detecting CXX compiler ABI info
[0.207s] -- Detecting CXX compiler ABI info - done
[0.214s] -- Check for working CXX compiler: /usr/bin/c++ - skipped
[0.214s] -- Detecting CXX compile features
[0.214s] -- Detecting CXX compile features - done
[0.215s] -- Found builtin_interfaces: 1.2.2 (/opt/ros/humble/share/builtin_interfaces/cmake)
[0.331s] -- Found Python3: /usr/bin/python3 (found version "3.10.12") found components: Interpreter 
[0.419s] -- Found rosidl_generator_c: 3.1.8 (/opt/ros/humble/share/rosidl_generator_c/cmake)
[0.422s] -- Found rosidl_adapter: 3.1.8 (/opt/ros/humble/share/rosidl_adapter/cmake)
[0.428s] -- Found rosidl_generator_cpp: 3.1.8 (/opt/ros/humble/share/rosidl_generator_cpp/cmake)
[0.435s] -- Using all available rosidl_typesupport_c: rosidl_typesupport_fastrtps_c;rosidl_typesupport_introspection_c
[0.445s] -- Using all available rosidl_typesupport_cpp: rosidl_typesupport_fastrtps_cpp;rosidl_typesupport_introspection_cpp
[0.454s] -- Found geometry_msgs: 4.9.0 (/opt/ros/humble/share/geometry_msgs/cmake)
[0.469s] -- Found nav_2d_msgs: 1.1.20 (/home/ht/ht_ws/install/nav_2d_msgs/share/nav_2d_msgs/cmake)
[0.478s] -- Found nav_msgs: 4.9.0 (/opt/ros/humble/share/nav_msgs/cmake)
[0.488s] -- Found rosidl_default_generators: 1.2.0 (/opt/ros/humble/share/rosidl_default_generators/cmake)
[0.724s] -- Found ament_cmake_ros: 0.10.0 (/opt/ros/humble/share/ament_cmake_ros/cmake)
[1.020s] -- Using all available rosidl_typesupport_c: rosidl_typesupport_fastrtps_c;rosidl_typesupport_introspection_c
[1.126s] -- Using all available rosidl_typesupport_cpp: rosidl_typesupport_fastrtps_cpp;rosidl_typesupport_introspection_cpp
[1.140s] -- Found PythonInterp: /usr/bin/python3 (found suitable version "3.10.12", minimum required is "3.6") 
[1.142s] -- Found python_cmake_module: 0.10.0 (/opt/ros/humble/share/python_cmake_module/cmake)
[1.159s] -- Found PythonLibs: /usr/lib/x86_64-linux-gnu/libpython3.10.so (found suitable version "3.10.12", minimum required is "3.5") 
[1.160s] -- Using PYTHON_EXECUTABLE: /usr/bin/python3
[1.160s] -- Using PYTHON_INCLUDE_DIRS: /usr/include/python3.10
[1.160s] -- Using PYTHON_LIBRARIES: /usr/lib/x86_64-linux-gnu/libpython3.10.so
[1.173s] -- Found PythonExtra: .so  
[1.217s] -- Configuring done
[1.244s] -- Generating done
[1.252s] -- Build files have been written to: /home/ht/ht_ws/build/dwb_msgs
[1.258s] Invoked command in '/home/ht/ht_ws/build/dwb_msgs' returned '0': AMENT_PREFIX_PATH=/home/ht/ht_ws/install/nav_2d_msgs:${AMENT_PREFIX_PATH} CMAKE_PREFIX_PATH=/home/ht/ht_ws/install/nav_2d_msgs:/opt/ros/humble LD_LIBRARY_PATH=/home/ht/ht_ws/install/nav_2d_msgs/lib:${LD_LIBRARY_PATH} PYTHONPATH=/home/ht/ht_ws/install/nav_2d_msgs/local/lib/python3.10/dist-packages:${PYTHONPATH} /usr/bin/cmake /home/ht/ht_ws/src/navigation2/nav2_dwb_controller/dwb_msgs -DCMAKE_INSTALL_PREFIX=/home/ht/ht_ws/install/dwb_msgs
[1.259s] Invoking command in '/home/ht/ht_ws/build/dwb_msgs': AMENT_PREFIX_PATH=/home/ht/ht_ws/install/nav_2d_msgs:${AMENT_PREFIX_PATH} CMAKE_PREFIX_PATH=/home/ht/ht_ws/install/nav_2d_msgs:/opt/ros/humble LD_LIBRARY_PATH=/home/ht/ht_ws/install/nav_2d_msgs/lib:${LD_LIBRARY_PATH} PYTHONPATH=/home/ht/ht_ws/install/nav_2d_msgs/local/lib/python3.10/dist-packages:${PYTHONPATH} /usr/bin/cmake --build /home/ht/ht_ws/build/dwb_msgs -- -j16 -l16
[1.293s] [  1%] [34m[1mGenerating C code for ROS interfaces[0m
[1.299s] [  2%] [34m[1mGenerating C++ code for ROS interfaces[0m
[1.302s] [  2%] Built target ament_cmake_python_copy_dwb_msgs
[1.446s] running egg_info
[1.446s] creating dwb_msgs.egg-info
[1.446s] writing dwb_msgs.egg-info/PKG-INFO
[1.446s] writing dependency_links to dwb_msgs.egg-info/dependency_links.txt
[1.446s] writing top-level names to dwb_msgs.egg-info/top_level.txt
[1.446s] writing manifest file 'dwb_msgs.egg-info/SOURCES.txt'
[1.447s] reading manifest file 'dwb_msgs.egg-info/SOURCES.txt'
[1.448s] writing manifest file 'dwb_msgs.egg-info/SOURCES.txt'
[1.469s] [  2%] Built target ament_cmake_python_build_dwb_msgs_egg
[1.506s] Traceback (most recent call last):
[1.506s]   File "/opt/ros/humble/share/rosidl_generator_c/cmake/../../../lib/rosidl_generator_c/rosidl_generator_c", line 38, in <module>
[1.506s] Traceback (most recent call last):
[1.506s]   File "/opt/ros/humble/share/rosidl_generator_cpp/cmake/../../../lib/rosidl_generator_cpp/rosidl_generator_cpp", line 38, in <module>
[1.507s] gmake[2]: *** Ê≠£Âú®Âà†Èô§Êñá‰ª∂‚Äúrosidl_generator_c/dwb_msgs/msg/critic_score.h‚Äù
[1.507s] gmake[2]: *** Ê≠£Âú®Âà†Èô§Êñá‰ª∂‚Äúrosidl_generator_cpp/dwb_msgs/msg/critic_score.hpp‚Äù
[1.507s]     sys.exit(main())
[1.507s]   File "/opt/ros/humble/share/rosidl_generator_c/cmake/../../../lib/rosidl_generator_c/rosidl_generator_c", line 34, in main
[1.507s]     generate_c(args.generator_arguments_file)
[1.507s]   File "/opt/ros/humble/local/lib/python3.10/dist-packages/rosidl_generator_c/__init__.py", line 37, in generate_c
[1.507s]     sys.exit(main())
[1.507s]   File "/opt/ros/humble/share/rosidl_generator_cpp/cmake/../../../lib/rosidl_generator_cpp/rosidl_generator_cpp", line 34, in main
[1.507s]     return generate_files(
[1.507s]   File "/opt/ros/humble/local/lib/python3.10/dist-packages/rosidl_cmake/__init__.py", line 87, in generate_files
[1.507s]     expand_template(
[1.507s]   File "/opt/ros/humble/local/lib/python3.10/dist-packages/rosidl_cmake/__init__.py", line 149, in expand_template
[1.507s]     generate_cpp(args.generator_arguments_file)
[1.507s]   File "/opt/ros/humble/local/lib/python3.10/dist-packages/rosidl_generator_cpp/__init__.py", line 39, in generate_cpp
[1.507s]     interpreter.string(template_content, template_path, locals=data)
[1.508s]   File "/usr/lib/python3/dist-packages/em.py", line 2391, in string
[1.508s]     return generate_files(
[1.508s]   File "/opt/ros/humble/local/lib/python3.10/dist-packages/rosidl_cmake/__init__.py", line 74, in generate_files
[1.508s]     idl_file = parse_idl_file(locator)
[1.508s]   File "/opt/ros/humble/local/lib/python3.10/dist-packages/rosidl_parser/parser.py", line 64, in parse_idl_file
[1.508s]     content = parse_idl_string(string, png_file=png_file)
[1.508s]   File "/opt/ros/humble/local/lib/python3.10/dist-packages/rosidl_parser/parser.py", line 72, in parse_idl_string
[1.508s]     tree = get_ast_from_idl_string(idl_string)
[1.508s]   File "/opt/ros/humble/local/lib/python3.10/dist-packages/rosidl_parser/parser.py", line 89, in get_ast_from_idl_string
[1.508s]     return _parser.parse(idl_string)
[1.508s]   File "/usr/lib/python3/dist-packages/lark/lark.py", line 619, in parse
[1.509s]     return self.parser.parse(text, start=start, on_error=on_error)
[1.509s]   File "/usr/lib/python3/dist-packages/lark/parser_frontends.py", line 99, in parse
[1.509s]     return self.parser.parse(stream, chosen_start, **kw)
[1.509s]   File "/usr/lib/python3/dist-packages/lark/parsers/earley.py", line 266, in parse
[1.509s]     self.safe(scanner, True, locals)
[1.509s]   File "/usr/lib/python3/dist-packages/em.py", line 2401, in safe
[1.509s]     to_scan = self._parse(lexer, columns, to_scan, start_symbol)
[1.509s]   File "/usr/lib/python3/dist-packages/lark/parsers/xearley.py", line 144, in _parse
[1.510s]     self.parse(scanner, locals)
[1.510s]   File "/usr/lib/python3/dist-packages/em.py", line 2421, in parse
[1.510s]     self.predict_and_complete(i, to_scan, columns, transitives)
[1.510s]   File "/usr/lib/python3/dist-packages/lark/parsers/earley.py", line 139, in predict_and_complete
[1.510s]     for rule in self.predictions[item.expect]:
[1.510s]     token.run(self, locals)
[1.510s]   File "/usr/lib/python3/dist-packages/lark/grammar.py", line 20, in __eq__
[1.510s]   File "/usr/lib/python3/dist-packages/em.py", line 1547, in run
[1.510s]     self.subrun(info[0][1], interpreter, locals)
[1.510s]   File "/usr/lib/python3/dist-packages/em.py", line 1631, in subrun
[1.511s]     return self.is_term == other.is_term and self.name == other.name
[1.512s]   File "/usr/lib/python3/dist-packages/lark/lexer.py", line 192, in __eq__
[1.512s]     token.run(interpreter, locals)
[1.512s]   File "/usr/lib/python3/dist-packages/em.py", line 1425, in run
[1.512s]     interpreter.execute(self.code, locals)
[1.512s]   File "/usr/lib/python3/dist-packages/em.py", line 2596, in execute
[1.512s]     if isinstance(other, Token) and self.type != other.type:
[1.512s] KeyboardInterrupt
[1.512s]     _exec(statements, self.globals, locals)
[1.512s]   File "<string>", line 2, in <module>
[1.512s]   File "/opt/ros/humble/local/lib/python3.10/dist-packages/rosidl_cmake/__init__.py", line 198, in _expand_template
[1.512s]     interpreter.string(content, str(template_path), kwargs)
[1.512s]   File "/usr/lib/python3/dist-packages/em.py", line 2391, in string
[1.512s]     self.safe(scanner, True, locals)
[1.512s]   File "/usr/lib/python3/dist-packages/em.py", line 2401, in safe
[1.512s]     self.parse(scanner, locals)
[1.512s]   File "/usr/lib/python3/dist-packages/em.py", line 2417, in parse
[1.513s]     token = scanner.one()
[1.513s]   File "/usr/lib/python3/dist-packages/em.py", line 1994, in one
[1.514s]     self.sync()
[1.514s] KeyboardInterrupt
[1.519s] Exception ignored in: <function Interpreter.__del__ at 0x78b9ee133c70>
[1.519s] Traceback (most recent call last):
[1.519s]   File "/usr/lib/python3/dist-packages/em.py", line 2094, in __del__
[1.519s]   File "/usr/lib/python3/dist-packages/em.py", line 2157, in shutdown
[1.519s]   File "/usr/lib/python3/dist-packages/em.py", line 2647, in finalize
[1.520s]   File "/usr/lib/python3/dist-packages/em.py", line 2200, in push
[1.520s] AttributeError: '_io.TextIOWrapper' object has no attribute 'push'
[1.528s] gmake[2]: *** [CMakeFiles/dwb_msgs__rosidl_generator_c.dir/build.make:175: rosidl_generator_c/dwb_msgs/msg/critic_score.h] ‰∏≠Êñ≠
[1.529s] gmake[1]: *** [CMakeFiles/Makefile2:212: CMakeFiles/dwb_msgs__rosidl_generator_c.dir/all] ‰∏≠Êñ≠
[1.531s] gmake[2]: *** [CMakeFiles/dwb_msgs__cpp.dir/build.make:221: rosidl_generator_cpp/dwb_msgs/msg/critic_score.hpp] ‰∏≠Êñ≠
[1.531s] gmake[1]: *** [CMakeFiles/Makefile2:265: CMakeFiles/dwb_msgs__cpp.dir/all] ‰∏≠Êñ≠
[1.532s] gmake: *** [Makefile:146: all] ‰∏≠Êñ≠
