[ 12%] Built target utils
[ 25%] Built target imu_proc
[ 31%] [32mBuilding CXX object CMakeFiles/laser_mapping.dir/src/LIVMapper.cpp.o[0m
[ 43%] Built target pre
[ 68%] Built target vio
[ 81%] Built target lio
[01m[K/home/bxi_nx/ht_ws/src/FAST-LIVO2/src/LIVMapper.cpp:195:53:[m[K [01;31m[Kerror: [m[Kextended character â€œ is not valid in an identifier
  195 |   if (!vk::camera_loader::loadFromRosNs(this->node, [01;31m[Kâ€œ[m[Kâ€, vio_manager->cam))
      |                                                     [01;31m[K^[m[K
[01m[K/home/bxi_nx/ht_ws/src/FAST-LIVO2/src/LIVMapper.cpp:195:53:[m[K [01;31m[Kerror: [m[Kextended character â€ is not valid in an identifier
[01m[K/home/bxi_nx/ht_ws/src/FAST-LIVO2/src/LIVMapper.cpp:[m[K In member function â€˜[01m[Kvoid LIVMapper::initializeComponents(rclcpp::Node::SharedPtr&)[m[Kâ€™:
[01m[K/home/bxi_nx/ht_ws/src/FAST-LIVO2/src/LIVMapper.cpp:195:53:[m[K [01;31m[Kerror: [m[Kâ€˜[01m[Kâ€œâ€[m[Kâ€™ was not declared in this scope
  195 |   if (!vk::camera_loader::loadFromRosNs(this->node, [01;31m[Kâ€œâ€[m[K, vio_manager->cam))
      |                                                     [01;31m[K^~[m[K
gmake[2]: *** [CMakeFiles/laser_mapping.dir/build.make:76: CMakeFiles/laser_mapping.dir/src/LIVMapper.cpp.o] Error 1
gmake[1]: *** [CMakeFiles/Makefile2:253: CMakeFiles/laser_mapping.dir/all] Error 2
gmake: *** [Makefile:146: all] Error 2
