[0.022s] Invoking command in '/home/bxi_nx/ht_ws/build/fast_livo': AMENT_PREFIX_PATH=/home/bxi_nx/ht_ws/install/vikit_ros:${AMENT_PREFIX_PATH} CMAKE_PREFIX_PATH=/home/bxi_nx/ht_ws/install/vikit_ros:/opt/ros/humble:/home/bxi_nx/ht_ws/install/vikit_common:${CMAKE_PREFIX_PATH} LD_LIBRARY_PATH=/home/bxi_nx/ht_ws/install/vikit_ros/lib:/home/bxi_nx/ht_ws/install/vikit_common/lib:/home/bxi_nx/gtsam/build/gtsam/libgtsam.so.4:/usr/local/cuda-12.6/lib64:/home/bxi_nx/ws_livox/install/livox_ros_driver2/lib:/home/bxi_nx/ws_livox/install/interface/lib:/home/bxi_nx/ws_livox/install/communication/lib:/home/bxi_nx/gtsam/build/gtsam/libgtsam.so.4:/opt/ros/humble/opt/rviz_ogre_vendor/lib:/opt/ros/humble/lib/aarch64-linux-gnu:/opt/ros/humble/lib:/usr/local/cuda-12.6/lib64 PKG_CONFIG_PATH=/home/bxi_nx/ht_ws/install/vikit_common/lib/aarch64-linux-gnu/pkgconfig:/home/bxi_nx/ht_ws/install/vikit_common/lib/pkgconfig ROS_PACKAGE_PATH=/home/bxi_nx/ht_ws/install/vikit_common/share /usr/bin/cmake --build /home/bxi_nx/ht_ws/build/fast_livo -- -j8 -l8
[0.134s] [ 12%] Built target utils
[0.147s] [ 25%] Built target imu_proc
[0.147s] [ 31%] [32mBuilding CXX object CMakeFiles/laser_mapping.dir/src/LIVMapper.cpp.o[0m
[0.148s] [ 43%] Built target pre
[0.170s] [ 68%] Built target vio
[0.192s] [ 81%] Built target lio
[3.513s] [01m[K/home/bxi_nx/ht_ws/src/FAST-LIVO2/src/LIVMapper.cpp:195:53:[m[K [01;31m[Kerror: [m[Kextended character â€œ is not valid in an identifier
[3.514s]   195 |   if (!vk::camera_loader::loadFromRosNs(this->node, [01;31m[Kâ€œ[m[Kâ€, vio_manager->cam))
[3.514s]       |                                                     [01;31m[K^[m[K
[3.514s] [01m[K/home/bxi_nx/ht_ws/src/FAST-LIVO2/src/LIVMapper.cpp:195:53:[m[K [01;31m[Kerror: [m[Kextended character â€ is not valid in an identifier
[15.887s] [01m[K/home/bxi_nx/ht_ws/src/FAST-LIVO2/src/LIVMapper.cpp:[m[K In member function â€˜[01m[Kvoid LIVMapper::initializeComponents(rclcpp::Node::SharedPtr&)[m[Kâ€™:
[15.887s] [01m[K/home/bxi_nx/ht_ws/src/FAST-LIVO2/src/LIVMapper.cpp:195:53:[m[K [01;31m[Kerror: [m[Kâ€˜[01m[Kâ€œâ€[m[Kâ€™ was not declared in this scope
[15.887s]   195 |   if (!vk::camera_loader::loadFromRosNs(this->node, [01;31m[Kâ€œâ€[m[K, vio_manager->cam))
[15.887s]       |                                                     [01;31m[K^~[m[K
[44.604s] gmake[2]: *** [CMakeFiles/laser_mapping.dir/build.make:76: CMakeFiles/laser_mapping.dir/src/LIVMapper.cpp.o] Error 1
[44.605s] gmake[1]: *** [CMakeFiles/Makefile2:253: CMakeFiles/laser_mapping.dir/all] Error 2
[44.605s] gmake: *** [Makefile:146: all] Error 2
[44.612s] Invoked command in '/home/bxi_nx/ht_ws/build/fast_livo' returned '2': AMENT_PREFIX_PATH=/home/bxi_nx/ht_ws/install/vikit_ros:${AMENT_PREFIX_PATH} CMAKE_PREFIX_PATH=/home/bxi_nx/ht_ws/install/vikit_ros:/opt/ros/humble:/home/bxi_nx/ht_ws/install/vikit_common:${CMAKE_PREFIX_PATH} LD_LIBRARY_PATH=/home/bxi_nx/ht_ws/install/vikit_ros/lib:/home/bxi_nx/ht_ws/install/vikit_common/lib:/home/bxi_nx/gtsam/build/gtsam/libgtsam.so.4:/usr/local/cuda-12.6/lib64:/home/bxi_nx/ws_livox/install/livox_ros_driver2/lib:/home/bxi_nx/ws_livox/install/interface/lib:/home/bxi_nx/ws_livox/install/communication/lib:/home/bxi_nx/gtsam/build/gtsam/libgtsam.so.4:/opt/ros/humble/opt/rviz_ogre_vendor/lib:/opt/ros/humble/lib/aarch64-linux-gnu:/opt/ros/humble/lib:/usr/local/cuda-12.6/lib64 PKG_CONFIG_PATH=/home/bxi_nx/ht_ws/install/vikit_common/lib/aarch64-linux-gnu/pkgconfig:/home/bxi_nx/ht_ws/install/vikit_common/lib/pkgconfig ROS_PACKAGE_PATH=/home/bxi_nx/ht_ws/install/vikit_common/share /usr/bin/cmake --build /home/bxi_nx/ht_ws/build/fast_livo -- -j8 -l8
