[0.008s] Invoking command in '/home/ht/ht_ws/build/livox_ros_driver2': CMAKE_PREFIX_PATH=/opt/ros/humble /usr/bin/cmake /home/ht/ht_ws/src/livox_ros_driver2 -DAMENT_CMAKE_SYMLINK_INSTALL=1 -DCMAKE_INSTALL_PREFIX=/home/ht/ht_ws/install/livox_ros_driver2
[0.014s] -- livox_ros_driver2 version: 1.2.4
[0.015s] -- Found ament_cmake_auto: 1.3.12 (/opt/ros/humble/share/ament_cmake_auto/cmake)
[0.092s] -- Override CMake install command with custom implementation using symlinks instead of copying resources
[0.139s] -- Using all available rosidl_typesupport_c: rosidl_typesupport_fastrtps_c;rosidl_typesupport_introspection_c
[0.140s] -- Found rosidl_adapter: 3.1.8 (/opt/ros/humble/share/rosidl_adapter/cmake)
[0.156s] -- Using all available rosidl_typesupport_cpp: rosidl_typesupport_fastrtps_cpp;rosidl_typesupport_introspection_cpp
[0.191s] -- Found rmw_implementation_cmake: 6.1.2 (/opt/ros/humble/share/rmw_implementation_cmake/cmake)
[0.191s] -- Found rmw_fastrtps_cpp: 6.2.9 (/opt/ros/humble/share/rmw_fastrtps_cpp/cmake)
[0.248s] -- Using RMW implementation 'rmw_fastrtps_cpp' as default
[0.325s] -- Eigen found (include: /usr/include/eigen3, version: 3.4.0)
[0.341s] -- FLANN found (include: /usr/include, lib: /usr/lib/x86_64-linux-gnu/libflann_cpp.so)
[0.514s] -- OpenNI found (version: 1.5.4.0, include: /usr/include/ni, lib: /usr/lib/libOpenNI.so;libusb::libusb)
[0.519s] -- OpenNI2 found (version: 2.2.0.33, include: /usr/include/openni2, lib: /usr/lib/x86_64-linux-gnu/libOpenNI2.so;libusb::libusb)
[0.613s] -- Eigen found (include: /usr/include/eigen3, version: 3.4.0)
[0.616s] -- OpenNI found (version: 1.5.4.0, include: /usr/include/ni, lib: /usr/lib/libOpenNI.so;libusb::libusb)
[0.621s] -- OpenNI2 found (version: 2.2.0.33, include: /usr/include/openni2, lib: /usr/lib/x86_64-linux-gnu/libOpenNI2.so;libusb::libusb)
[0.716s] -- Found Qhull version 8.0.2
[0.813s] -- OpenNI found (version: 1.5.4.0, include: /usr/include/ni, lib: /usr/lib/libOpenNI.so;libusb::libusb)
[0.926s] -- Checking for module 'apr-1'
[0.927s] --   No package 'apr-1' found
[1.045s] -- Found ament_cmake_ros: 0.10.0 (/opt/ros/humble/share/ament_cmake_ros/cmake)
[1.164s] -- Using all available rosidl_typesupport_c: rosidl_typesupport_fastrtps_c;rosidl_typesupport_introspection_c
[1.332s] -- Using all available rosidl_typesupport_cpp: rosidl_typesupport_fastrtps_cpp;rosidl_typesupport_introspection_cpp
[1.346s] -- Found python_cmake_module: 0.10.0 (/opt/ros/humble/share/python_cmake_module/cmake)
[1.360s] -- Using PYTHON_EXECUTABLE: /usr/bin/python3
[1.360s] -- Using PYTHON_INCLUDE_DIRS: /usr/include/python3.10
[1.360s] -- Using PYTHON_LIBRARIES: /usr/lib/x86_64-linux-gnu/libpython3.10.so
[1.381s] -- Found ament_lint_auto: 0.12.14 (/opt/ros/humble/share/ament_lint_auto/cmake)
[1.386s] -- Added test 'copyright' to check source files copyright and LICENSE
[1.389s] -- Added test 'cppcheck' to perform static code analysis on C / C++ code
[1.389s] -- Configured cppcheck include dirs: /home/ht/ht_ws/src/livox_ros_driver2/3rdparty;/home/ht/ht_ws/src/livox_ros_driver2/src
[1.389s] -- Configured cppcheck exclude dirs and/or files: 
[1.391s] -- Added test 'cpplint' to check C / C++ code against the Google style
[1.391s] -- Configured cpplint exclude dirs and/or files: 
[1.392s] -- Added test 'flake8' to check Python code syntax and style conventions
[1.392s] -- Added test 'lint_cmake' to check CMake code style
[1.393s] -- Added test 'pep257' to check Python code against some of the docstring style conventions in PEP 257
[1.395s] -- Added test 'uncrustify' to check C / C++ code style
[1.395s] -- Configured uncrustify additional arguments: 
[1.395s] -- Added test 'xmllint' to check XML markup files
[1.397s] -- Configuring done
[1.430s] -- Generating done
[1.440s] -- Build files have been written to: /home/ht/ht_ws/build/livox_ros_driver2
[1.451s] Invoked command in '/home/ht/ht_ws/build/livox_ros_driver2' returned '0': CMAKE_PREFIX_PATH=/opt/ros/humble /usr/bin/cmake /home/ht/ht_ws/src/livox_ros_driver2 -DAMENT_CMAKE_SYMLINK_INSTALL=1 -DCMAKE_INSTALL_PREFIX=/home/ht/ht_ws/install/livox_ros_driver2
[1.451s] Invoking command in '/home/ht/ht_ws/build/livox_ros_driver2': CMAKE_PREFIX_PATH=/opt/ros/humble /usr/bin/cmake --build /home/ht/ht_ws/build/livox_ros_driver2 -- -j16 -l16
[1.478s] [35m[1mConsolidate compiler generated dependencies of target livox_interfaces2__rosidl_generator_c[0m
[1.478s] [35m[1mConsolidate compiler generated dependencies of target livox_ros_driver2_node[0m
[1.484s] [  3%] Built target livox_interfaces2__cpp
[1.484s] [  8%] Built target livox_interfaces2__rosidl_generator_c
[1.485s] failed to create symbolic link '/home/ht/ht_ws/build/livox_ros_driver2/ament_cmake_python/livox_ros_driver2/livox_ros_driver2' because existing path cannot be removed: Is a directory
[1.486s] gmake[2]: *** [CMakeFiles/ament_cmake_python_symlink_livox_ros_driver2.dir/build.make:70ÔºöCMakeFiles/ament_cmake_python_symlink_livox_ros_driver2] ÈîôËØØ 1
[1.486s] gmake[1]: *** [CMakeFiles/Makefile2:425ÔºöCMakeFiles/ament_cmake_python_symlink_livox_ros_driver2.dir/all] ÈîôËØØ 2
[1.486s] gmake[1]: *** Ê≠£Âú®Á≠âÂæÖÊú™ÂÆåÊàêÁöÑ‰ªªÂä°....
[1.488s] [ 10%] [32m[1mLinking CXX executable livox_ros_driver2_node[0m
[1.490s] [35m[1mConsolidate compiler generated dependencies of target livox_interfaces2__rosidl_typesupport_c[0m
[1.490s] [35m[1mConsolidate compiler generated dependencies of target livox_interfaces2__rosidl_typesupport_introspection_c[0m
[1.490s] [35m[1mConsolidate compiler generated dependencies of target livox_interfaces2__rosidl_typesupport_introspection_cpp[0m
[1.490s] [35m[1mConsolidate compiler generated dependencies of target livox_interfaces2__rosidl_typesupport_fastrtps_c[0m
[1.492s] [35m[1mConsolidate compiler generated dependencies of target livox_interfaces2__rosidl_typesupport_cpp[0m
[1.493s] [35m[1mConsolidate compiler generated dependencies of target livox_interfaces2__rosidl_typesupport_fastrtps_cpp[0m
[1.496s] [ 17%] Built target livox_interfaces2__rosidl_typesupport_c
[1.497s] [ 31%] Built target livox_interfaces2__rosidl_typesupport_fastrtps_c
[1.497s] [ 31%] Built target livox_interfaces2__rosidl_typesupport_introspection_cpp
[1.498s] [ 38%] Built target livox_interfaces2__rosidl_typesupport_introspection_c
[1.499s] [ 45%] Built target livox_interfaces2__rosidl_typesupport_cpp
[1.501s] [ 52%] Built target livox_interfaces2__rosidl_typesupport_fastrtps_cpp
[1.557s] [ 54%] Built target livox_ros_driver2_node
[1.558s] gmake: *** [Makefile:146Ôºöall] ÈîôËØØ 2
[1.559s] Invoked command in '/home/ht/ht_ws/build/livox_ros_driver2' returned '2': CMAKE_PREFIX_PATH=/opt/ros/humble /usr/bin/cmake --build /home/ht/ht_ws/build/livox_ros_driver2 -- -j16 -l16
