[35m[1mConsolidate compiler generated dependencies of target pre[0m
[ 12%] Built target utils
[ 25%] Built target imu_proc
[ 50%] Built target vio
[ 56%] [32mBuilding CXX object CMakeFiles/laser_mapping.dir/src/LIVMapper.cpp.o[0m
[ 62%] [32mBuilding CXX object CMakeFiles/pre.dir/src/preprocess.cpp.o[0m
[ 75%] Built target lio
[01m[K/home/bxi_nx/ht_ws/src/FAST-LIVO2/src/preprocess.cpp:[m[K In member function â€˜[01m[Kvoid Preprocess::avia_handler(const SharedPtr&, pcl::PointCloud<pcl::PointXYZINormal>::Ptr&)[m[Kâ€™:
[01m[K/home/bxi_nx/ht_ws/src/FAST-LIVO2/src/preprocess.cpp:199:15:[m[K [01;31m[Kerror: [m[Kâ€˜[01m[Kclass std::shared_ptr<rclcpp::Publisher<sensor_msgs::msg::PointCloud2_<std::allocator<void> > > >[m[Kâ€™ has no member named â€˜[01m[Kclear[m[Kâ€™
  199 |    cloud_out_.[01;31m[Kclear[m[K();
      |               [01;31m[K^~~~~[m[K
[01m[K/home/bxi_nx/ht_ws/src/FAST-LIVO2/src/preprocess.cpp:201:16:[m[K [01;31m[Kerror: [m[Kâ€˜[01m[Kclass std::shared_ptr<rclcpp::Publisher<sensor_msgs::msg::PointCloud2_<std::allocator<void> > > >[m[Kâ€™ has no member named â€˜[01m[Kreserve[m[Kâ€™; did you mean â€˜[01m[Kreset[m[Kâ€™?
  201 |     cloud_out_.[01;31m[Kreserve[m[K(plsize);
      |                [01;31m[K^~~~~~~[m[K
      |                [32m[Kreset[m[K
[01m[K/home/bxi_nx/ht_ws/src/FAST-LIVO2/src/preprocess.cpp:219:36:[m[K [01;31m[Kerror: [m[Kâ€˜[01m[Kclass std::shared_ptr<rclcpp::Publisher<sensor_msgs::msg::PointCloud2_<std::allocator<void> > > >[m[Kâ€™ has no member named â€˜[01m[Kemplace_back[m[Kâ€™
  219 |                         cloud_out_.[01;31m[Kemplace_back[m[K(std::move(point));
      |                                    [01;31m[K^~~~~~~~~~~~[m[K
[01m[K/home/bxi_nx/ht_ws/src/FAST-LIVO2/src/preprocess.cpp:226:16:[m[K [01;31m[Kerror: [m[Kno match for â€˜[01m[Koperator=[m[Kâ€™ (operand types are â€˜[01m[Kstd::__shared_ptr_access<pcl::PointCloud<pcl::PointXYZINormal>, __gnu_cxx::_S_atomic, false, false>::element_type[m[Kâ€™ {aka â€˜[01m[Kpcl::PointCloud<pcl::PointXYZINormal>[m[Kâ€™} and â€˜[01m[Kstd::shared_ptr<rclcpp::Publisher<sensor_msgs::msg::PointCloud2_<std::allocator<void> > > >[m[Kâ€™)
  226 |     *pcl_out = [01;31m[Kcloud_out_[m[K;
      |                [01;31m[K^~~~~~~~~~[m[K
In file included from [01m[K/home/bxi_nx/ht_ws/src/FAST-LIVO2/include/utils/types.h:5[m[K,
                 from [01m[K/home/bxi_nx/ht_ws/src/FAST-LIVO2/include/common_lib.h:17[m[K,
                 from [01m[K/home/bxi_nx/ht_ws/src/FAST-LIVO2/include/preprocess.h:16[m[K,
                 from [01m[K/home/bxi_nx/ht_ws/src/FAST-LIVO2/src/preprocess.cpp:13[m[K:
[01m[K/usr/include/pcl-1.12/pcl/point_cloud.h:172:21:[m[K [01;36m[Knote: [m[Kcandidate: â€˜[01m[Kpcl::PointCloud<pcl::PointXYZINormal>& pcl::PointCloud<pcl::PointXYZINormal>::operator=(const pcl::PointCloud<pcl::PointXYZINormal>&)[m[Kâ€™
  172 |   class PCL_EXPORTS [01;36m[KPointCloud[m[K
      |                     [01;36m[K^~~~~~~~~~[m[K
[01m[K/usr/include/pcl-1.12/pcl/point_cloud.h:172:21:[m[K [01;36m[Knote: [m[K  no known conversion for argument 1 from â€˜[01m[Kstd::shared_ptr<rclcpp::Publisher<sensor_msgs::msg::PointCloud2_<std::allocator<void> > > >[m[Kâ€™ to â€˜[01m[Kconst pcl::PointCloud<pcl::PointXYZINormal>&[m[Kâ€™
[01m[K/usr/include/pcl-1.12/pcl/point_cloud.h:172:21:[m[K [01;36m[Knote: [m[Kcandidate: â€˜[01m[Kpcl::PointCloud<pcl::PointXYZINormal>& pcl::PointCloud<pcl::PointXYZINormal>::operator=(pcl::PointCloud<pcl::PointXYZINormal>&&)[m[Kâ€™
[01m[K/usr/include/pcl-1.12/pcl/point_cloud.h:172:21:[m[K [01;36m[Knote: [m[K  no known conversion for argument 1 from â€˜[01m[Kstd::shared_ptr<rclcpp::Publisher<sensor_msgs::msg::PointCloud2_<std::allocator<void> > > >[m[Kâ€™ to â€˜[01m[Kpcl::PointCloud<pcl::PointXYZINormal>&&[m[Kâ€™
gmake[2]: *** [CMakeFiles/pre.dir/build.make:76: CMakeFiles/pre.dir/src/preprocess.cpp.o] Error 1
gmake[1]: *** [CMakeFiles/Makefile2:201: CMakeFiles/pre.dir/all] Error 2
gmake[1]: *** Waiting for unfinished jobs....
[ 81%] [32m[1mLinking CXX static library liblaser_mapping.a[0m
[ 81%] Built target laser_mapping
gmake: *** [Makefile:146: all] Error 2
