[0.006s] Invoking command in '/home/ht/ht_ws/build/nav2_voxel_grid': AMENT_PREFIX_PATH=/home/ht/ht_ws/install/nav2_common:${AMENT_PREFIX_PATH} CMAKE_PREFIX_PATH=/home/ht/ht_ws/install/nav2_common:/opt/ros/humble PYTHONPATH=/home/ht/ht_ws/install/nav2_common/local/lib/python3.10/dist-packages:${PYTHONPATH} /usr/bin/cmake /home/ht/ht_ws/src/navigation2/nav2_voxel_grid -DCMAKE_INSTALL_PREFIX=/home/ht/ht_ws/install/nav2_voxel_grid
[0.036s] -- The C compiler identification is GNU 11.4.0
[0.076s] -- The CXX compiler identification is GNU 11.4.0
[0.080s] -- Detecting C compiler ABI info
[0.123s] -- Detecting C compiler ABI info - done
[0.127s] -- Check for working C compiler: /usr/bin/cc - skipped
[0.127s] -- Detecting C compile features
[0.127s] -- Detecting C compile features - done
[0.129s] -- Detecting CXX compiler ABI info
[0.182s] -- Detecting CXX compiler ABI info - done
[0.188s] -- Check for working CXX compiler: /usr/bin/c++ - skipped
[0.188s] -- Detecting CXX compile features
[0.188s] -- Detecting CXX compile features - done
[0.190s] -- Found ament_cmake: 1.3.12 (/opt/ros/humble/share/ament_cmake/cmake)
[0.296s] -- Found Python3: /usr/bin/python3 (found version "3.10.12") found components: Interpreter 
[0.385s] -- Found nav2_common: 1.1.20 (/home/ht/ht_ws/install/nav2_common/share/nav2_common/cmake)
[0.387s] -- Found rclcpp: 16.0.17 (/opt/ros/humble/share/rclcpp/cmake)
[0.420s] -- Found rosidl_generator_c: 3.1.8 (/opt/ros/humble/share/rosidl_generator_c/cmake)
[0.423s] -- Found rosidl_adapter: 3.1.8 (/opt/ros/humble/share/rosidl_adapter/cmake)
[0.429s] -- Found rosidl_generator_cpp: 3.1.8 (/opt/ros/humble/share/rosidl_generator_cpp/cmake)
[0.436s] -- Using all available rosidl_typesupport_c: rosidl_typesupport_fastrtps_c;rosidl_typesupport_introspection_c
[0.445s] -- Using all available rosidl_typesupport_cpp: rosidl_typesupport_fastrtps_cpp;rosidl_typesupport_introspection_cpp
[0.474s] -- Found rmw_implementation_cmake: 6.1.2 (/opt/ros/humble/share/rmw_implementation_cmake/cmake)
[0.476s] -- Found rmw_fastrtps_cpp: 6.2.9 (/opt/ros/humble/share/rmw_fastrtps_cpp/cmake)
[0.527s] -- Found OpenSSL: /usr/lib/x86_64-linux-gnu/libcrypto.so (found version "3.0.2")  
[0.544s] -- Found FastRTPS: /opt/ros/humble/include  
[0.580s] -- Using RMW implementation 'rmw_fastrtps_cpp' as default
[0.585s] -- Looking for pthread.h
[0.626s] -- Looking for pthread.h - found
[0.627s] -- Performing Test CMAKE_HAVE_LIBC_PTHREAD
[0.679s] -- Performing Test CMAKE_HAVE_LIBC_PTHREAD - Success
[0.680s] -- Found Threads: TRUE  
[0.712s] -- Setting build type to Release as none was specified.
[0.713s] -- Found ament_lint_auto: 0.12.14 (/opt/ros/humble/share/ament_lint_auto/cmake)
[0.772s] -- Found gtest sources under '/opt/ros/humble/src/gtest_vendor': C++ tests using 'Google Test' will be built
[0.781s] -- Added test 'cppcheck' to perform static code analysis on C / C++ code
[0.782s] -- Configured cppcheck include dirs: /home/ht/ht_ws/src/navigation2/nav2_voxel_grid/include
[0.782s] -- Configured cppcheck exclude dirs and/or files: 
[0.783s] -- Added test 'cpplint' to check C / C++ code against the Google style
[0.783s] -- Configured cpplint exclude dirs and/or files: 
[0.784s] -- Added test 'lint_cmake' to check CMake code style
[0.784s] -- Added test 'uncrustify' to check C / C++ code style
[0.785s] -- Configured uncrustify additional arguments: 
[0.785s] -- Added test 'xmllint' to check XML markup files
[0.787s] -- Configuring done
[0.804s] -- Generating done
[0.810s] -- Build files have been written to: /home/ht/ht_ws/build/nav2_voxel_grid
[0.818s] Invoked command in '/home/ht/ht_ws/build/nav2_voxel_grid' returned '0': AMENT_PREFIX_PATH=/home/ht/ht_ws/install/nav2_common:${AMENT_PREFIX_PATH} CMAKE_PREFIX_PATH=/home/ht/ht_ws/install/nav2_common:/opt/ros/humble PYTHONPATH=/home/ht/ht_ws/install/nav2_common/local/lib/python3.10/dist-packages:${PYTHONPATH} /usr/bin/cmake /home/ht/ht_ws/src/navigation2/nav2_voxel_grid -DCMAKE_INSTALL_PREFIX=/home/ht/ht_ws/install/nav2_voxel_grid
[0.820s] Invoking command in '/home/ht/ht_ws/build/nav2_voxel_grid': AMENT_PREFIX_PATH=/home/ht/ht_ws/install/nav2_common:${AMENT_PREFIX_PATH} CMAKE_PREFIX_PATH=/home/ht/ht_ws/install/nav2_common:/opt/ros/humble PYTHONPATH=/home/ht/ht_ws/install/nav2_common/local/lib/python3.10/dist-packages:${PYTHONPATH} /usr/bin/cmake --build /home/ht/ht_ws/build/nav2_voxel_grid -- -j16 -l16
[0.851s] [ 10%] [32mBuilding CXX object CMakeFiles/voxel_grid.dir/src/voxel_grid.cpp.o[0m
[0.852s] [ 20%] [32mBuilding CXX object gtest/CMakeFiles/gtest.dir/src/gtest-all.cc.o[0m
[0.853s] [ 30%] [32mBuilding CXX object gtest/CMakeFiles/gtest_main.dir/src/gtest_main.cc.o[0m
[2.057s] [ 40%] [32m[1mLinking CXX static library libgtest_main.a[0m
[2.124s] [ 40%] Built target gtest_main
[3.655s] [ 50%] [32m[1mLinking CXX shared library libvoxel_grid.so[0m
[3.751s] [ 50%] Built target voxel_grid
[4.956s] gmake[2]: *** [gtest/CMakeFiles/gtest.dir/build.make:76: gtest/CMakeFiles/gtest.dir/src/gtest-all.cc.o] ä¸­æ–­
[4.956s] gmake[1]: *** [CMakeFiles/Makefile2:256: gtest/CMakeFiles/gtest.dir/all] ä¸­æ–­
[4.956s] gmake: *** [Makefile:146: all] ä¸­æ–­
[4.969s] Invoked command in '/home/ht/ht_ws/build/nav2_voxel_grid' returned '-2': AMENT_PREFIX_PATH=/home/ht/ht_ws/install/nav2_common:${AMENT_PREFIX_PATH} CMAKE_PREFIX_PATH=/home/ht/ht_ws/install/nav2_common:/opt/ros/humble PYTHONPATH=/home/ht/ht_ws/install/nav2_common/local/lib/python3.10/dist-packages:${PYTHONPATH} /usr/bin/cmake --build /home/ht/ht_ws/build/nav2_voxel_grid -- -j16 -l16
